0    18:53:33:204 [main] INFO  support.ClassPathXmlApplicationContext  - Refreshing org.springframework.context.support.ClassPathXmlApplicationContext@322c1e6b: startup date [Fri Aug 12 18:53:33 PDT 2011]; root of context hierarchy
69   18:53:33:273 [main] INFO  xml.XmlBeanDefinitionReader  - Loading XML bean definitions from class path resource [application-context.xml]
368  18:53:33:572 [main] INFO  annotation.ClassPathBeanDefinitionScanner  - JSR-330 'javax.inject.Named' annotation found and supported for component scanning
578  18:53:33:782 [main] INFO  config.PropertyPlaceholderConfigurer  - Loading properties file from class path resource [db.properties]
591  18:53:33:795 [main] INFO  annotation.AutowiredAnnotationBeanPostProcessor  - JSR-330 'javax.inject.Inject' annotation found and supported for autowiring
660  18:53:33:864 [main] INFO  support.DefaultListableBeanFactory  - Pre-instantiating singletons in org.springframework.beans.factory.support.DefaultListableBeanFactory@8c943d1: defining beans [org.springframework.aop.config.internalAutoProxyCreator,org.springframework.transaction.annotation.AnnotationTransactionAttributeSource#0,org.springframework.transaction.interceptor.TransactionInterceptor#0,org.springframework.transaction.config.internalTransactionAdvisor,myAspect,org.springframework.context.annotation.internalConfigurationAnnotationProcessor,org.springframework.context.annotation.internalAutowiredAnnotationProcessor,org.springframework.context.annotation.internalRequiredAnnotationProcessor,org.springframework.context.annotation.internalCommonAnnotationProcessor,org.springframework.context.annotation.internalPersistenceAnnotationProcessor,departmentManager,employeeManager,timesheetManager,org.springframework.beans.factory.config.PropertyPlaceholderConfigurer#0,dataSource,sessionFactory,springtestmessage,stringmessage]; root of factory hierarchy
1965 18:53:35:169 [main] ERROR hbm2ddl.SchemaUpdate  - Unsuccessful: alter table Timesheet add constraint FK7AB5E292652B0514 foreign key (departmentCode) references Department
1966 18:53:35:170 [main] ERROR hbm2ddl.SchemaUpdate  - a FOREIGN KEY constraint already exists on the set of columns: FK7AB5E292652B0514 in statement [alter table Timesheet add constraint FK7AB5E292652B0514 foreign key (departmentCode) references Department]
2329 18:53:35:533 [main] DEBUG util.MyAspect  - 
[AOJ Logging:] com.junjie.model.EmployeeManagerImpl.addAll([Employee{employeeId=121060, name='EMP0', employeeCode='H', password='1234567890', email='emp0@gmail.com', managerEmployeeId=0}, Employee{employeeId=121061, name='EMP1', employeeCode='H', passwor...)
 execution time: 192 ms
0    18:54:48:963 [main] INFO  support.ClassPathXmlApplicationContext  - Refreshing org.springframework.context.support.ClassPathXmlApplicationContext@322c1e6b: startup date [Fri Aug 12 18:54:48 PDT 2011]; root of context hierarchy
74   18:54:49:037 [main] INFO  xml.XmlBeanDefinitionReader  - Loading XML bean definitions from class path resource [application-context.xml]
324  18:54:49:287 [main] INFO  annotation.ClassPathBeanDefinitionScanner  - JSR-330 'javax.inject.Named' annotation found and supported for component scanning
555  18:54:49:518 [main] INFO  config.PropertyPlaceholderConfigurer  - Loading properties file from class path resource [db.properties]
565  18:54:49:528 [main] INFO  annotation.AutowiredAnnotationBeanPostProcessor  - JSR-330 'javax.inject.Inject' annotation found and supported for autowiring
630  18:54:49:593 [main] INFO  support.DefaultListableBeanFactory  - Pre-instantiating singletons in org.springframework.beans.factory.support.DefaultListableBeanFactory@30ff8c74: defining beans [org.springframework.aop.config.internalAutoProxyCreator,org.springframework.transaction.annotation.AnnotationTransactionAttributeSource#0,org.springframework.transaction.interceptor.TransactionInterceptor#0,org.springframework.transaction.config.internalTransactionAdvisor,myAspect,org.springframework.context.annotation.internalConfigurationAnnotationProcessor,org.springframework.context.annotation.internalAutowiredAnnotationProcessor,org.springframework.context.annotation.internalRequiredAnnotationProcessor,org.springframework.context.annotation.internalCommonAnnotationProcessor,org.springframework.context.annotation.internalPersistenceAnnotationProcessor,departmentManager,employeeManager,timesheetManager,org.springframework.beans.factory.config.PropertyPlaceholderConfigurer#0,dataSource,sessionFactory,springtestmessage,stringmessage]; root of factory hierarchy
2082 18:54:51:045 [main] ERROR hbm2ddl.SchemaUpdate  - Unsuccessful: alter table Timesheet add constraint FK7AB5E292652B0514 foreign key (departmentCode) references Department
2083 18:54:51:046 [main] ERROR hbm2ddl.SchemaUpdate  - a FOREIGN KEY constraint already exists on the set of columns: FK7AB5E292652B0514 in statement [alter table Timesheet add constraint FK7AB5E292652B0514 foreign key (departmentCode) references Department]
2425 18:54:51:388 [main] DEBUG util.MyAspect  - [AOJ] com.junjie.model.EmployeeManagerImpl.addAll([Employee{employeeId=121070, name='EMP0', employeeCode='H', password='1234567890', email='emp0@gmail.com', managerEmployeeId=0}, Employee{employeeId=121071, name='EMP1', employeeCode='H', password='1234567...)
 execution time: 185 ms
0    18:55:04:382 [main] INFO  support.ClassPathXmlApplicationContext  - Refreshing org.springframework.context.support.ClassPathXmlApplicationContext@664883c: startup date [Fri Aug 12 18:55:04 PDT 2011]; root of context hierarchy
67   18:55:04:449 [main] INFO  xml.XmlBeanDefinitionReader  - Loading XML bean definitions from class path resource [application-context.xml]
321  18:55:04:703 [main] INFO  annotation.ClassPathBeanDefinitionScanner  - JSR-330 'javax.inject.Named' annotation found and supported for component scanning
536  18:55:04:918 [main] INFO  config.PropertyPlaceholderConfigurer  - Loading properties file from class path resource [db.properties]
546  18:55:04:928 [main] INFO  annotation.AutowiredAnnotationBeanPostProcessor  - JSR-330 'javax.inject.Inject' annotation found and supported for autowiring
619  18:55:05:001 [main] INFO  support.DefaultListableBeanFactory  - Pre-instantiating singletons in org.springframework.beans.factory.support.DefaultListableBeanFactory@132789d2: defining beans [org.springframework.aop.config.internalAutoProxyCreator,org.springframework.transaction.annotation.AnnotationTransactionAttributeSource#0,org.springframework.transaction.interceptor.TransactionInterceptor#0,org.springframework.transaction.config.internalTransactionAdvisor,myAspect,org.springframework.context.annotation.internalConfigurationAnnotationProcessor,org.springframework.context.annotation.internalAutowiredAnnotationProcessor,org.springframework.context.annotation.internalRequiredAnnotationProcessor,org.springframework.context.annotation.internalCommonAnnotationProcessor,org.springframework.context.annotation.internalPersistenceAnnotationProcessor,departmentManager,employeeManager,timesheetManager,org.springframework.beans.factory.config.PropertyPlaceholderConfigurer#0,dataSource,sessionFactory,springtestmessage,stringmessage]; root of factory hierarchy
1984 18:55:06:366 [main] ERROR hbm2ddl.SchemaUpdate  - Unsuccessful: alter table Timesheet add constraint FK7AB5E292652B0514 foreign key (departmentCode) references Department
1985 18:55:06:367 [main] ERROR hbm2ddl.SchemaUpdate  - a FOREIGN KEY constraint already exists on the set of columns: FK7AB5E292652B0514 in statement [alter table Timesheet add constraint FK7AB5E292652B0514 foreign key (departmentCode) references Department]
2334 18:55:06:716 [main] DEBUG util.MyAspect  - com.junjie.model.EmployeeManagerImpl.addAll([Employee{employeeId=121080, name='EMP0', employeeCode='H', password='1234567890', email='emp0@gmail.com', managerEmployeeId=0}, Employee{employeeId=121081, name='EMP1', employeeCode='H', password='1234567890', ...)
 execution time: 179 ms
1    18:55:41:145 [main] INFO  support.ClassPathXmlApplicationContext  - Refreshing org.springframework.context.support.ClassPathXmlApplicationContext@664883c: startup date [Fri Aug 12 18:55:41 PDT 2011]; root of context hierarchy
74   18:55:41:218 [main] INFO  xml.XmlBeanDefinitionReader  - Loading XML bean definitions from class path resource [application-context.xml]
357  18:55:41:501 [main] INFO  annotation.ClassPathBeanDefinitionScanner  - JSR-330 'javax.inject.Named' annotation found and supported for component scanning
572  18:55:41:716 [main] INFO  config.PropertyPlaceholderConfigurer  - Loading properties file from class path resource [db.properties]
582  18:55:41:726 [main] INFO  annotation.AutowiredAnnotationBeanPostProcessor  - JSR-330 'javax.inject.Inject' annotation found and supported for autowiring
643  18:55:41:787 [main] INFO  support.DefaultListableBeanFactory  - Pre-instantiating singletons in org.springframework.beans.factory.support.DefaultListableBeanFactory@8c943d1: defining beans [org.springframework.aop.config.internalAutoProxyCreator,org.springframework.transaction.annotation.AnnotationTransactionAttributeSource#0,org.springframework.transaction.interceptor.TransactionInterceptor#0,org.springframework.transaction.config.internalTransactionAdvisor,myAspect,org.springframework.context.annotation.internalConfigurationAnnotationProcessor,org.springframework.context.annotation.internalAutowiredAnnotationProcessor,org.springframework.context.annotation.internalRequiredAnnotationProcessor,org.springframework.context.annotation.internalCommonAnnotationProcessor,org.springframework.context.annotation.internalPersistenceAnnotationProcessor,departmentManager,employeeManager,timesheetManager,org.springframework.beans.factory.config.PropertyPlaceholderConfigurer#0,dataSource,sessionFactory,springtestmessage,stringmessage]; root of factory hierarchy
1994 18:55:43:138 [main] ERROR hbm2ddl.SchemaUpdate  - Unsuccessful: alter table Timesheet add constraint FK7AB5E292652B0514 foreign key (departmentCode) references Department
1994 18:55:43:138 [main] ERROR hbm2ddl.SchemaUpdate  - a FOREIGN KEY constraint already exists on the set of columns: FK7AB5E292652B0514 in statement [alter table Timesheet add constraint FK7AB5E292652B0514 foreign key (departmentCode) references Department]
2338 18:55:43:482 [main] DEBUG util.MyAspect  - com.junjie.model.EmployeeManagerImpl.addAll(
[Employee{employeeId=121090, name='EMP0', employeeCode='H', password='1234567890', email='emp0@gmail.com', managerEmployeeId=0}, Employee{employeeId=121091, name='EMP1', employeeCode='H', password='1234567890',...)
 execution time: 193 ms
0    18:56:11:619 [main] INFO  support.ClassPathXmlApplicationContext  - Refreshing org.springframework.context.support.ClassPathXmlApplicationContext@7745c859: startup date [Fri Aug 12 18:56:11 PDT 2011]; root of context hierarchy
68   18:56:11:687 [main] INFO  xml.XmlBeanDefinitionReader  - Loading XML bean definitions from class path resource [application-context.xml]
319  18:56:11:938 [main] INFO  annotation.ClassPathBeanDefinitionScanner  - JSR-330 'javax.inject.Named' annotation found and supported for component scanning
527  18:56:12:146 [main] INFO  config.PropertyPlaceholderConfigurer  - Loading properties file from class path resource [db.properties]
537  18:56:12:156 [main] INFO  annotation.AutowiredAnnotationBeanPostProcessor  - JSR-330 'javax.inject.Inject' annotation found and supported for autowiring
597  18:56:12:216 [main] INFO  support.DefaultListableBeanFactory  - Pre-instantiating singletons in org.springframework.beans.factory.support.DefaultListableBeanFactory@7d8a8ce2: defining beans [org.springframework.aop.config.internalAutoProxyCreator,org.springframework.transaction.annotation.AnnotationTransactionAttributeSource#0,org.springframework.transaction.interceptor.TransactionInterceptor#0,org.springframework.transaction.config.internalTransactionAdvisor,myAspect,org.springframework.context.annotation.internalConfigurationAnnotationProcessor,org.springframework.context.annotation.internalAutowiredAnnotationProcessor,org.springframework.context.annotation.internalRequiredAnnotationProcessor,org.springframework.context.annotation.internalCommonAnnotationProcessor,org.springframework.context.annotation.internalPersistenceAnnotationProcessor,departmentManager,employeeManager,timesheetManager,org.springframework.beans.factory.config.PropertyPlaceholderConfigurer#0,dataSource,sessionFactory,springtestmessage,stringmessage]; root of factory hierarchy
1970 18:56:13:589 [main] ERROR hbm2ddl.SchemaUpdate  - Unsuccessful: alter table Timesheet add constraint FK7AB5E292652B0514 foreign key (departmentCode) references Department
1971 18:56:13:590 [main] ERROR hbm2ddl.SchemaUpdate  - a FOREIGN KEY constraint already exists on the set of columns: FK7AB5E292652B0514 in statement [alter table Timesheet add constraint FK7AB5E292652B0514 foreign key (departmentCode) references Department]
2311 18:56:13:930 [main] DEBUG util.MyAspect  - com.junjie.model.EmployeeManagerImpl.addAll(
	[Employee{employeeId=121100, name='EMP0', employeeCode='H', password='1234567890', email='emp0@gmail.com', managerEmployeeId=0}, Employee{employeeId=121101, name='EMP1', employeeCode='H', password='1234567890'...)
 execution time: 183 ms
0    08:35:04:044 [main] INFO  support.ClassPathXmlApplicationContext  - Refreshing org.springframework.context.support.ClassPathXmlApplicationContext@24988707: startup date [Sat Aug 13 08:35:04 PDT 2011]; root of context hierarchy
233  08:35:04:277 [main] INFO  xml.XmlBeanDefinitionReader  - Loading XML bean definitions from class path resource [WEB-INF/servlet-context.xml]
0    08:35:28:493 [main] INFO  support.ClassPathXmlApplicationContext  - Refreshing org.springframework.context.support.ClassPathXmlApplicationContext@5d2412e7: startup date [Sat Aug 13 08:35:28 PDT 2011]; root of context hierarchy
77   08:35:28:570 [main] INFO  xml.XmlBeanDefinitionReader  - Loading XML bean definitions from class path resource [WEB-INF/workday-servlet.xml]
0    08:36:15:917 [main] INFO  support.FileSystemXmlApplicationContext  - Refreshing org.springframework.context.support.FileSystemXmlApplicationContext@19c8ef56: startup date [Sat Aug 13 08:36:15 PDT 2011]; root of context hierarchy
74   08:36:15:991 [main] INFO  xml.XmlBeanDefinitionReader  - Loading XML bean definitions from file [/Volumes/PERSONAL/IntelliJ/workday/webapp/WEB-INF/workday-servlet.xml]
0    08:36:40:341 [main] INFO  support.FileSystemXmlApplicationContext  - Refreshing org.springframework.context.support.FileSystemXmlApplicationContext@5d2412e7: startup date [Sat Aug 13 08:36:40 PDT 2011]; root of context hierarchy
74   08:36:40:415 [main] INFO  xml.XmlBeanDefinitionReader  - Loading XML bean definitions from file [/Volumes/PERSONAL/IntelliJ/workday/src/main/webapp/WEB-INF/workday-servlet.xml]
288  08:36:40:629 [main] INFO  xml.XmlBeanDefinitionReader  - Loading XML bean definitions from class path resource [application-context.xml]
528  08:36:40:869 [main] INFO  annotation.ClassPathBeanDefinitionScanner  - JSR-330 'javax.inject.Named' annotation found and supported for component scanning
1291 08:36:41:632 [main] INFO  config.PropertyPlaceholderConfigurer  - Loading properties file from class path resource [db.properties]
1357 08:36:41:698 [main] INFO  annotation.AutowiredAnnotationBeanPostProcessor  - JSR-330 'javax.inject.Inject' annotation found and supported for autowiring
2101 08:36:42:442 [main] INFO  support.DefaultListableBeanFactory  - Pre-instantiating singletons in org.springframework.beans.factory.support.DefaultListableBeanFactory@572c4768: defining beans [org.springframework.aop.config.internalAutoProxyCreator,org.springframework.transaction.annotation.AnnotationTransactionAttributeSource#0,org.springframework.transaction.interceptor.TransactionInterceptor#0,org.springframework.transaction.config.internalTransactionAdvisor,myAspect,org.springframework.context.annotation.internalConfigurationAnnotationProcessor,org.springframework.context.annotation.internalAutowiredAnnotationProcessor,org.springframework.context.annotation.internalRequiredAnnotationProcessor,org.springframework.context.annotation.internalCommonAnnotationProcessor,org.springframework.context.annotation.internalPersistenceAnnotationProcessor,departmentManager,employeeManager,timesheetManager,org.springframework.beans.factory.config.PropertyPlaceholderConfigurer#0,dataSource,sessionFactory,springtestmessage,stringmessage,org.springframework.web.servlet.view.InternalResourceViewResolver#0,urlMap,urlMapAuthenticate,httpRequestInterceptor,urlFilenameController,signInController,timesheetListController,enterHoursController,enterHoursValidator,signinValidator,applicationSecurityManager,workdayJmxBean,helloworldController,messageSource]; root of factory hierarchy
3970 08:36:44:311 [main] ERROR hbm2ddl.SchemaUpdate  - Unsuccessful: alter table Timesheet add constraint FK7AB5E292652B0514 foreign key (departmentCode) references Department
3971 08:36:44:312 [main] ERROR hbm2ddl.SchemaUpdate  - a FOREIGN KEY constraint already exists on the set of columns: FK7AB5E292652B0514 in statement [alter table Timesheet add constraint FK7AB5E292652B0514 foreign key (departmentCode) references Department]
4457 08:36:44:798 [main] INFO  handler.SimpleUrlHandlerMapping  - Mapped URL path [/signin.htm] onto handler 'signInController'
4469 08:36:44:810 [main] INFO  handler.SimpleUrlHandlerMapping  - Mapped URL path [/hello.htm] onto handler 'helloworldController'
4525 08:36:44:866 [main] INFO  handler.SimpleUrlHandlerMapping  - Mapped URL path [/enterhours.htm] onto handler 'enterHoursController'
4533 08:36:44:874 [main] INFO  handler.SimpleUrlHandlerMapping  - Mapped URL path [/timesheetlist.htm] onto handler 'timesheetListController'
4961 08:36:45:302 [main] DEBUG util.MyAspect  - com.junjie.model.TimesheetManagerImpl.saveTimesheet(
	Timesheet{timesheetId=4, employeeId=1111, statusCode='P', departmentCode=IT, periodEndingDate=Sat Mar 04 00:00:00 PST 2006, minuteMon=480, minuteTue=480, minuteWed=480, minuteThu=480, minuteFri=480, mi...)
 execution time: 255 ms
5067 08:36:45:408 [main] DEBUG util.MyAspect  - com.junjie.model.TimesheetManagerImpl.saveTimesheet(
	Timesheet{timesheetId=5, employeeId=1111, statusCode='A', departmentCode=IT, periodEndingDate=Sat Mar 11 00:00:00 PST 2006, minuteMon=480, minuteTue=480, minuteWed=480, minuteThu=480, minuteFri=480, mi...)
 execution time: 105 ms
0    08:54:51:663 [main] INFO  support.FileSystemXmlApplicationContext  - Refreshing org.springframework.context.support.FileSystemXmlApplicationContext@730efd7c: startup date [Sat Aug 13 08:54:51 PDT 2011]; root of context hierarchy
81   08:54:51:744 [main] INFO  xml.XmlBeanDefinitionReader  - Loading XML bean definitions from file [/Volumes/PERSONAL/IntelliJ/workday/src/main/webapp/WEB-INF/workday-servlet.xml]
239  08:54:51:902 [main] INFO  xml.XmlBeanDefinitionReader  - Loading XML bean definitions from class path resource [application-context.xml]
430  08:54:52:093 [main] INFO  annotation.ClassPathBeanDefinitionScanner  - JSR-330 'javax.inject.Named' annotation found and supported for component scanning
713  08:54:52:376 [main] INFO  config.PropertyPlaceholderConfigurer  - Loading properties file from class path resource [db.properties]
725  08:54:52:388 [main] INFO  annotation.AutowiredAnnotationBeanPostProcessor  - JSR-330 'javax.inject.Inject' annotation found and supported for autowiring
1141 08:54:52:804 [main] INFO  support.DefaultListableBeanFactory  - Pre-instantiating singletons in org.springframework.beans.factory.support.DefaultListableBeanFactory@6eecb3f1: defining beans [org.springframework.aop.config.internalAutoProxyCreator,org.springframework.transaction.annotation.AnnotationTransactionAttributeSource#0,org.springframework.transaction.interceptor.TransactionInterceptor#0,org.springframework.transaction.config.internalTransactionAdvisor,myAspect,org.springframework.context.annotation.internalConfigurationAnnotationProcessor,org.springframework.context.annotation.internalAutowiredAnnotationProcessor,org.springframework.context.annotation.internalRequiredAnnotationProcessor,org.springframework.context.annotation.internalCommonAnnotationProcessor,org.springframework.context.annotation.internalPersistenceAnnotationProcessor,departmentManager,employeeManager,timesheetManager,org.springframework.beans.factory.config.PropertyPlaceholderConfigurer#0,dataSource,sessionFactory,springtestmessage,stringmessage,org.springframework.web.servlet.view.InternalResourceViewResolver#0,urlMap,urlMapAuthenticate,httpRequestInterceptor,urlFilenameController,signInController,signOutController,timesheetListController,enterHoursController,enterHoursValidator,signinValidator,applicationSecurityManager,workdayJmxBean,helloworldController,messageSource]; root of factory hierarchy
2601 08:54:54:264 [main] ERROR hbm2ddl.SchemaUpdate  - Unsuccessful: alter table Timesheet add constraint FK7AB5E292652B0514 foreign key (departmentCode) references Department
2602 08:54:54:265 [main] ERROR hbm2ddl.SchemaUpdate  - a FOREIGN KEY constraint already exists on the set of columns: FK7AB5E292652B0514 in statement [alter table Timesheet add constraint FK7AB5E292652B0514 foreign key (departmentCode) references Department]
2882 08:54:54:545 [main] INFO  handler.SimpleUrlHandlerMapping  - Mapped URL path [/signin.htm] onto handler 'signInController'
2888 08:54:54:551 [main] INFO  handler.SimpleUrlHandlerMapping  - Mapped URL path [/hello.htm] onto handler 'helloworldController'
2894 08:54:54:557 [main] INFO  handler.SimpleUrlHandlerMapping  - Mapped URL path [/signout.htm] onto handler 'signOutController'
2947 08:54:54:610 [main] INFO  handler.SimpleUrlHandlerMapping  - Mapped URL path [/enterhours.htm] onto handler 'enterHoursController'
2955 08:54:54:618 [main] INFO  handler.SimpleUrlHandlerMapping  - Mapped URL path [/timesheetlist.htm] onto handler 'timesheetListController'
3165 08:54:54:828 [main] DEBUG util.MyAspect  - com.junjie.model.TimesheetManagerImpl.saveTimesheet(
	Timesheet{timesheetId=8, employeeId=1111, statusCode='P', departmentCode=IT, periodEndingDate=Sat Mar 04 00:00:00 PST 2006, minuteMon=480, minuteTue=480, minuteWed=480, minuteThu=480, minuteFri=480, mi...)
 execution time: 169 ms
3271 08:54:54:934 [main] DEBUG util.MyAspect  - com.junjie.model.TimesheetManagerImpl.saveTimesheet(
	Timesheet{timesheetId=9, employeeId=1111, statusCode='A', departmentCode=IT, periodEndingDate=Sat Mar 11 00:00:00 PST 2006, minuteMon=480, minuteTue=480, minuteWed=480, minuteThu=480, minuteFri=480, mi...)
 execution time: 105 ms
